<?xml version="1.0" encoding="UTF-8" ?>
<testsuite failures="0" time="6.524" errors="0" skipped="0" tests="1" name="ExistRouteTest">
  <properties>
    <property name="java.runtime.name" value="Java(TM) SE Runtime Environment"/>
    <property name="sun.boot.library.path" value="/System/Library/Java/JavaVirtualMachines/1.6.0.jdk/Contents/Libraries"/>
    <property name="java.vm.version" value="20.51-b01-457"/>
    <property name="awt.nativeDoubleBuffering" value="true"/>
    <property name="gopherProxySet" value="false"/>
    <property name="mrj.build" value="11M4509"/>
    <property name="java.vm.vendor" value="Apple Inc."/>
    <property name="java.vendor.url" value="http://www.apple.com/"/>
    <property name="path.separator" value=":"/>
    <property name="java.vm.name" value="Java HotSpot(TM) 64-Bit Server VM"/>
    <property name="file.encoding.pkg" value="sun.io"/>
    <property name="user.country" value="US"/>
    <property name="sun.java.launcher" value="SUN_STANDARD"/>
    <property name="sun.os.patch.level" value="unknown"/>
    <property name="org.apache.camel.jmx.disabled" value="true"/>
    <property name="java.vm.specification.name" value="Java Virtual Machine Specification"/>
    <property name="user.dir" value="/Users/veniamin/Documents/Work/OpenSource/camel-existdb"/>
    <property name="java.runtime.version" value="1.6.0_51-b11-457-11M4509"/>
    <property name="java.awt.graphicsenv" value="apple.awt.CGraphicsEnvironment"/>
    <property name="basedir" value="/Users/veniamin/Documents/Work/OpenSource/camel-existdb"/>
    <property name="java.endorsed.dirs" value="/System/Library/Java/JavaVirtualMachines/1.6.0.jdk/Contents/Home/lib/endorsed"/>
    <property name="os.arch" value="x86_64"/>
    <property name="surefire.real.class.path" value="/Users/veniamin/Documents/Work/OpenSource/camel-existdb/target/surefire/surefirebooter8442837849396887419.jar"/>
    <property name="java.io.tmpdir" value="/var/folders/4d/hz57qdd11hqcz5snvvpyxtg80000gp/T/"/>
    <property name="line.separator" value="
"/>
    <property name="java.vm.specification.vendor" value="Sun Microsystems Inc."/>
    <property name="os.name" value="Mac OS X"/>
    <property name="sun.jnu.encoding" value="MacRoman"/>
    <property name="java.library.path" value=".:/Library/Java/Extensions:/System/Library/Java/Extensions:/usr/lib/java"/>
    <property name="surefire.test.class.path" value="/Users/veniamin/Documents/Work/OpenSource/camel-existdb/target/test-classes:/Users/veniamin/Documents/Work/OpenSource/camel-existdb/target/classes:/Users/veniamin/.m2/repository/org/apache/camel/camel-core/2.10.0/camel-core-2.10.0.jar:/Users/veniamin/.m2/repository/org/slf4j/slf4j-api/1.5.6/slf4j-api-1.5.6.jar:/Users/veniamin/.m2/repository/org/slf4j/slf4j-simple/1.5.6/slf4j-simple-1.5.6.jar:/Users/veniamin/.m2/repository/org/exist-db/existdb-core/2.0/existdb-core-2.0.jar:/Users/veniamin/.m2/repository/org/exist-db/xmldb-api/1.0/xmldb-api-1.0.jar:/Users/veniamin/.m2/repository/commons-codec/commons-codec/1.7/commons-codec-1.7.jar:/Users/veniamin/.m2/repository/commons-io/commons-io/2.4/commons-io-2.4.jar:/Users/veniamin/.m2/repository/commons-pool/commons-pool/1.6/commons-pool-1.6.jar:/Users/veniamin/.m2/repository/antlr/antlr/2.7.7/antlr-2.7.7.jar:/Users/veniamin/.m2/repository/xerces/xercesImpl/2.11.0/xercesImpl-2.11.0.jar:/Users/veniamin/.m2/repository/xml-apis/xml-apis/1.4.01/xml-apis-1.4.01.jar:/Users/veniamin/.m2/repository/net/sf/saxon/Saxon-HE/9.4/Saxon-HE-9.4.jar:/Users/veniamin/.m2/repository/org/jdom/jdom/1.1/jdom-1.1.jar:/Users/veniamin/.m2/repository/xom/xom/1.2.5/xom-1.2.5.jar:/Users/veniamin/.m2/repository/xalan/xalan/2.7.0/xalan-2.7.0.jar:/Users/veniamin/.m2/repository/dom4j/dom4j/1.6.1/dom4j-1.6.1.jar:/Users/veniamin/.m2/repository/xml-resolver/xml-resolver/1.2/xml-resolver-1.2.jar:/Users/veniamin/.m2/repository/org/expath/pkg-repo/0.11/pkg-repo-0.11.jar:/Users/veniamin/.m2/repository/com/thaiopensource/jing/20091111/jing-20091111.jar:/Users/veniamin/.m2/repository/isorelax/isorelax/20030108/isorelax-20030108.jar:/Users/veniamin/.m2/repository/org/apache/xmlrpc/xmlrpc-common/3.1.3/xmlrpc-common-3.1.3.jar:/Users/veniamin/.m2/repository/org/apache/ws/commons/util/ws-commons-util/1.0.2/ws-commons-util-1.0.2.jar:/Users/veniamin/.m2/repository/org/apache/xmlrpc/xmlrpc-client/3.1.3/xmlrpc-client-3.1.3.jar:/Users/veniamin/.m2/repository/org/apache/xmlrpc/xmlrpc-server/3.1.3/xmlrpc-server-3.1.3.jar:/Users/veniamin/.m2/repository/commons-logging/commons-logging/1.1/commons-logging-1.1.jar:/Users/veniamin/.m2/repository/javax/servlet/servlet-api/2.3/servlet-api-2.3.jar:/Users/veniamin/.m2/repository/org/quartz-scheduler/quartz/2.1.6/quartz-2.1.6.jar:/Users/veniamin/.m2/repository/c3p0/c3p0/0.9.1.1/c3p0-0.9.1.1.jar:/Users/veniamin/.m2/repository/excalibur-cli/excalibur-cli/1.0/excalibur-cli-1.0.jar:/Users/veniamin/.m2/repository/org/gnu/gnu-crypto/2.0.1/gnu-crypto-2.0.1.jar:/Users/veniamin/.m2/repository/org/apache/camel/camel-core/2.10.0/camel-core-2.10.0-tests.jar:/Users/veniamin/.m2/repository/org/apache/camel/camel-spring/2.10.0/camel-spring-2.10.0.jar:/Users/veniamin/.m2/repository/org/springframework/spring-context/3.0.7.RELEASE/spring-context-3.0.7.RELEASE.jar:/Users/veniamin/.m2/repository/org/springframework/spring-beans/3.0.7.RELEASE/spring-beans-3.0.7.RELEASE.jar:/Users/veniamin/.m2/repository/org/springframework/spring-core/3.0.7.RELEASE/spring-core-3.0.7.RELEASE.jar:/Users/veniamin/.m2/repository/org/springframework/spring-expression/3.0.7.RELEASE/spring-expression-3.0.7.RELEASE.jar:/Users/veniamin/.m2/repository/org/springframework/spring-asm/3.0.7.RELEASE/spring-asm-3.0.7.RELEASE.jar:/Users/veniamin/.m2/repository/org/springframework/spring-aop/3.0.7.RELEASE/spring-aop-3.0.7.RELEASE.jar:/Users/veniamin/.m2/repository/aopalliance/aopalliance/1.0/aopalliance-1.0.jar:/Users/veniamin/.m2/repository/org/springframework/spring-tx/3.0.7.RELEASE/spring-tx-3.0.7.RELEASE.jar:/Users/veniamin/.m2/repository/org/springframework/spring-test/3.1.0.RELEASE/spring-test-3.1.0.RELEASE.jar:/Users/veniamin/.m2/repository/xmlrpc/xmlrpc/2.0/xmlrpc-2.0.jar:/Users/veniamin/.m2/repository/log4j/log4j/1.2.14/log4j-1.2.14.jar:/Users/veniamin/.m2/repository/junit/junit/4.10/junit-4.10.jar:/Users/veniamin/.m2/repository/org/hamcrest/hamcrest-core/1.1/hamcrest-core-1.1.jar:/Users/veniamin/.m2/repository/org/apache/camel/camel-test/2.10.0/camel-test-2.10.0.jar:"/>
    <property name="java.specification.name" value="Java Platform API Specification"/>
    <property name="java.class.version" value="50.0"/>
    <property name="sun.management.compiler" value="HotSpot 64-Bit Tiered Compilers"/>
    <property name="os.version" value="10.8.4"/>
    <property name="http.nonProxyHosts" value="local|*.local|169.254/16|*.169.254/16"/>
    <property name="user.home" value="/Users/veniamin"/>
    <property name="user.timezone" value="Europe/Amsterdam"/>
    <property name="java.awt.printerjob" value="apple.awt.CPrinterJob"/>
    <property name="java.specification.version" value="1.6"/>
    <property name="file.encoding" value="MacRoman"/>
    <property name="user.name" value="veniamin"/>
    <property name="java.class.path" value="/Users/veniamin/Documents/Work/OpenSource/camel-existdb/target/test-classes:/Users/veniamin/Documents/Work/OpenSource/camel-existdb/target/classes:/Users/veniamin/.m2/repository/org/apache/camel/camel-core/2.10.0/camel-core-2.10.0.jar:/Users/veniamin/.m2/repository/org/slf4j/slf4j-api/1.5.6/slf4j-api-1.5.6.jar:/Users/veniamin/.m2/repository/org/slf4j/slf4j-simple/1.5.6/slf4j-simple-1.5.6.jar:/Users/veniamin/.m2/repository/org/exist-db/existdb-core/2.0/existdb-core-2.0.jar:/Users/veniamin/.m2/repository/org/exist-db/xmldb-api/1.0/xmldb-api-1.0.jar:/Users/veniamin/.m2/repository/commons-codec/commons-codec/1.7/commons-codec-1.7.jar:/Users/veniamin/.m2/repository/commons-io/commons-io/2.4/commons-io-2.4.jar:/Users/veniamin/.m2/repository/commons-pool/commons-pool/1.6/commons-pool-1.6.jar:/Users/veniamin/.m2/repository/antlr/antlr/2.7.7/antlr-2.7.7.jar:/Users/veniamin/.m2/repository/xerces/xercesImpl/2.11.0/xercesImpl-2.11.0.jar:/Users/veniamin/.m2/repository/xml-apis/xml-apis/1.4.01/xml-apis-1.4.01.jar:/Users/veniamin/.m2/repository/net/sf/saxon/Saxon-HE/9.4/Saxon-HE-9.4.jar:/Users/veniamin/.m2/repository/org/jdom/jdom/1.1/jdom-1.1.jar:/Users/veniamin/.m2/repository/xom/xom/1.2.5/xom-1.2.5.jar:/Users/veniamin/.m2/repository/xalan/xalan/2.7.0/xalan-2.7.0.jar:/Users/veniamin/.m2/repository/dom4j/dom4j/1.6.1/dom4j-1.6.1.jar:/Users/veniamin/.m2/repository/xml-resolver/xml-resolver/1.2/xml-resolver-1.2.jar:/Users/veniamin/.m2/repository/org/expath/pkg-repo/0.11/pkg-repo-0.11.jar:/Users/veniamin/.m2/repository/com/thaiopensource/jing/20091111/jing-20091111.jar:/Users/veniamin/.m2/repository/isorelax/isorelax/20030108/isorelax-20030108.jar:/Users/veniamin/.m2/repository/org/apache/xmlrpc/xmlrpc-common/3.1.3/xmlrpc-common-3.1.3.jar:/Users/veniamin/.m2/repository/org/apache/ws/commons/util/ws-commons-util/1.0.2/ws-commons-util-1.0.2.jar:/Users/veniamin/.m2/repository/org/apache/xmlrpc/xmlrpc-client/3.1.3/xmlrpc-client-3.1.3.jar:/Users/veniamin/.m2/repository/org/apache/xmlrpc/xmlrpc-server/3.1.3/xmlrpc-server-3.1.3.jar:/Users/veniamin/.m2/repository/commons-logging/commons-logging/1.1/commons-logging-1.1.jar:/Users/veniamin/.m2/repository/javax/servlet/servlet-api/2.3/servlet-api-2.3.jar:/Users/veniamin/.m2/repository/org/quartz-scheduler/quartz/2.1.6/quartz-2.1.6.jar:/Users/veniamin/.m2/repository/c3p0/c3p0/0.9.1.1/c3p0-0.9.1.1.jar:/Users/veniamin/.m2/repository/excalibur-cli/excalibur-cli/1.0/excalibur-cli-1.0.jar:/Users/veniamin/.m2/repository/org/gnu/gnu-crypto/2.0.1/gnu-crypto-2.0.1.jar:/Users/veniamin/.m2/repository/org/apache/camel/camel-core/2.10.0/camel-core-2.10.0-tests.jar:/Users/veniamin/.m2/repository/org/apache/camel/camel-spring/2.10.0/camel-spring-2.10.0.jar:/Users/veniamin/.m2/repository/org/springframework/spring-context/3.0.7.RELEASE/spring-context-3.0.7.RELEASE.jar:/Users/veniamin/.m2/repository/org/springframework/spring-beans/3.0.7.RELEASE/spring-beans-3.0.7.RELEASE.jar:/Users/veniamin/.m2/repository/org/springframework/spring-core/3.0.7.RELEASE/spring-core-3.0.7.RELEASE.jar:/Users/veniamin/.m2/repository/org/springframework/spring-expression/3.0.7.RELEASE/spring-expression-3.0.7.RELEASE.jar:/Users/veniamin/.m2/repository/org/springframework/spring-asm/3.0.7.RELEASE/spring-asm-3.0.7.RELEASE.jar:/Users/veniamin/.m2/repository/org/springframework/spring-aop/3.0.7.RELEASE/spring-aop-3.0.7.RELEASE.jar:/Users/veniamin/.m2/repository/aopalliance/aopalliance/1.0/aopalliance-1.0.jar:/Users/veniamin/.m2/repository/org/springframework/spring-tx/3.0.7.RELEASE/spring-tx-3.0.7.RELEASE.jar:/Users/veniamin/.m2/repository/org/springframework/spring-test/3.1.0.RELEASE/spring-test-3.1.0.RELEASE.jar:/Users/veniamin/.m2/repository/xmlrpc/xmlrpc/2.0/xmlrpc-2.0.jar:/Users/veniamin/.m2/repository/log4j/log4j/1.2.14/log4j-1.2.14.jar:/Users/veniamin/.m2/repository/junit/junit/4.10/junit-4.10.jar:/Users/veniamin/.m2/repository/org/hamcrest/hamcrest-core/1.1/hamcrest-core-1.1.jar:/Users/veniamin/.m2/repository/org/apache/camel/camel-test/2.10.0/camel-test-2.10.0.jar:"/>
    <property name="java.vm.specification.version" value="1.0"/>
    <property name="sun.arch.data.model" value="64"/>
    <property name="java.home" value="/System/Library/Java/JavaVirtualMachines/1.6.0.jdk/Contents/Home"/>
    <property name="sun.java.command" value="/Users/veniamin/Documents/Work/OpenSource/camel-existdb/target/surefire/surefirebooter8442837849396887419.jar /Users/veniamin/Documents/Work/OpenSource/camel-existdb/target/surefire/surefire1558315371677665241tmp /Users/veniamin/Documents/Work/OpenSource/camel-existdb/target/surefire/surefire7522250909728011235tmp"/>
    <property name="java.specification.vendor" value="Sun Microsystems Inc."/>
    <property name="user.language" value="en"/>
    <property name="awt.toolkit" value="apple.awt.CToolkit"/>
    <property name="java.vm.info" value="mixed mode"/>
    <property name="java.version" value="1.6.0_51"/>
    <property name="java.ext.dirs" value="/Library/Java/Extensions:/System/Library/Java/Extensions:/System/Library/Java/JavaVirtualMachines/1.6.0.jdk/Contents/Home/lib/ext"/>
    <property name="sun.boot.class.path" value="/System/Library/Java/JavaVirtualMachines/1.6.0.jdk/Contents/Classes/jsfd.jar:/System/Library/Java/JavaVirtualMachines/1.6.0.jdk/Contents/Classes/classes.jar:/System/Library/Frameworks/JavaVM.framework/Frameworks/JavaRuntimeSupport.framework/Resources/Java/JavaRuntimeSupport.jar:/System/Library/Java/JavaVirtualMachines/1.6.0.jdk/Contents/Classes/ui.jar:/System/Library/Java/JavaVirtualMachines/1.6.0.jdk/Contents/Classes/laf.jar:/System/Library/Java/JavaVirtualMachines/1.6.0.jdk/Contents/Classes/sunrsasign.jar:/System/Library/Java/JavaVirtualMachines/1.6.0.jdk/Contents/Classes/jsse.jar:/System/Library/Java/JavaVirtualMachines/1.6.0.jdk/Contents/Classes/jce.jar:/System/Library/Java/JavaVirtualMachines/1.6.0.jdk/Contents/Classes/charsets.jar"/>
    <property name="java.vendor" value="Apple Inc."/>
    <property name="localRepository" value="/Users/veniamin/.m2/repository"/>
    <property name="file.separator" value="/"/>
    <property name="java.vendor.url.bug" value="http://bugreport.apple.com/"/>
    <property name="sun.cpu.endian" value="little"/>
    <property name="sun.io.unicode.encoding" value="UnicodeLittle"/>
    <property name="mrj.version" value="1070.1.6.0_51-457"/>
    <property name="socksNonProxyHosts" value="local|*.local|169.254/16|*.169.254/16"/>
    <property name="ftp.nonProxyHosts" value="local|*.local|169.254/16|*.169.254/16"/>
    <property name="sun.cpu.isalist" value=""/>
  </properties>
  <testcase time="6.431" classname="ExistRouteTest" name="testSendMessagesIntoEsper"/>
</testsuite>